<?xml version="1.0" encoding="UTF-8"?>
<!-- Generated by org.testng.reporters.JUnitXMLReporter -->
<testsuite ignored="0" hostname="DESKTOP-QLAFB8M" failures="0" tests="3" name="Run on Firefox" time="19.569" errors="0" timestamp="06 Mar 2024 06:40:05 GMT">
  <testcase classname="com.nopcommerce.user.Level_21_Multiple_Environment_Parameter" name="User_01_Register" time="5.66"/>
  <testcase classname="com.nopcommerce.user.Level_21_Multiple_Environment_Parameter" name="User_02_Login" time="1.969"/>
  <testcase classname="com.nopcommerce.user.Level_21_Multiple_Environment_Parameter" name="User_03_My_Account" time="0.946"/>
</testsuite> <!-- Run on Firefox -->
