<?xml version="1.0" encoding="UTF-8"?>
<testng-results ignored="0" total="3" passed="3" failed="0" skipped="0">
  <reporter-output>
    <line>
      <![CDATA[[2024-03-06 15:13:26,936] - Register - Step 01: Navigate to 'Register' page
<br>]]>
    </line>
    <line>
      <![CDATA[[2024-03-06 15:13:28,296] - Register - Step 02: Select to Radio button
<br>]]>
    </line>
    <line>
      <![CDATA[[2024-03-06 15:13:28,790] - Register - Step 03: Enter to Firstname textbox with value is'Automation'
<br>]]>
    </line>
    <line>
      <![CDATA[[2024-03-06 15:13:29,099] - Register - Step 04: Enter to Lastname textbox with value is'FC'
<br>]]>
    </line>
    <line>
      <![CDATA[[2024-03-06 15:13:29,244] - Register - Step 05: Enter to Email textbox with value is'automationfc853@gmail.com'
<br>]]>
    </line>
    <line>
      <![CDATA[[2024-03-06 15:13:29,406] - Register - Step 06: Enter to Password textbox with value is'123456'
<br>]]>
    </line>
    <line>
      <![CDATA[[2024-03-06 15:13:29,558] - Register - Step 07: Enter to Confirm password textbox with value is'123456'
<br>]]>
    </line>
    <line>
      <![CDATA[[2024-03-06 15:13:29,677] - Register - Step 08: Enter to Company textbox with value is'AFC'
<br>]]>
    </line>
    <line>
      <![CDATA[[2024-03-06 15:13:29,810] - Register - Step 09: Select Birth day dropdown with value is'11'
<br>]]>
    </line>
    <line>
      <![CDATA[[2024-03-06 15:13:30,188] - Register - Step 10: Select Birth month dropdown with value is'May'
<br>]]>
    </line>
    <line>
      <![CDATA[[2024-03-06 15:13:30,523] - Register - Step 11: Select Birth year dropdown with value is'1996'
<br>]]>
    </line>
    <line>
      <![CDATA[[2024-03-06 15:13:30,885] - Register - Step 12: Select checkbox by ID
<br>]]>
    </line>
    <line>
      <![CDATA[[2024-03-06 15:13:30,953] - Register - Step 13: Click 'Register' button
<br>]]>
    </line>
    <line>
      <![CDATA[[2024-03-06 15:13:31,764] - Register - Step 14: Verify register success message is displayed
<br>]]>
    </line>
    <line>
      <![CDATA[[2024-03-06 15:13:31,914] - Register - Step 15: Click 'Continue' button
<br>]]>
    </line>
    <line>
      <![CDATA[[2024-03-06 15:13:32,473] - Login - Step 01: Navigate to 'Login' page
<br>]]>
    </line>
    <line>
      <![CDATA[[2024-03-06 15:13:32,991] - Login - Step 02: Enter to Email textbox with value is 'automationfc853@gmail.com'
<br>]]>
    </line>
    <line>
      <![CDATA[[2024-03-06 15:13:33,154] - Login - Step 03: Enter to Password textbox with value is '123456'
<br>]]>
    </line>
    <line>
      <![CDATA[[2024-03-06 15:13:33,275] - Login - Step 04: Click 'Log in' button
<br>]]>
    </line>
    <line>
      <![CDATA[[2024-03-06 15:13:34,083] - Login - Step 03: Verify 'My Account Link' is displayed
<br>]]>
    </line>
    <line>
      <![CDATA[[2024-03-06 15:13:34,343] - My Account - Step 01: Navigate to 'Customer Infor' page
<br>]]>
    </line>
    <line>
      <![CDATA[[2024-03-06 15:13:34,844] - My Account - Step 02: Verify 'Customer Info' page is displayed
<br>]]>
    </line>
    <line>
      <![CDATA[[2024-03-06 15:13:35,008] - My Account - Step 03: Verify 'First name' textbox is correct
<br>]]>
    </line>
    <line>
      <![CDATA[[2024-03-06 15:13:35,095] - My Account - Step 04: Verify 'Last name' textbox is correct
<br>]]>
    </line>
    <line>
      <![CDATA[[2024-03-06 15:13:35,174] - My Account - Step 05: Verify 'Email' textbox is correct
<br>]]>
    </line>
    <line>
      <![CDATA[[2024-03-06 15:13:35,256] - OS name = windows 10
<br>]]>
    </line>
    <line>
      <![CDATA[[2024-03-06 15:13:35,257] - Driver instance name = firefoxdriver: firefox on windows (64b08d12-99c5-444b-9024-d32b8c2d9bb6)
<br>]]>
    </line>
  </reporter-output>
  <suite started-at="2024-03-06T08:13:19Z" name="NopCommerce" finished-at="2024-03-06T08:13:36Z" duration-ms="17614">
    <groups>
    </groups>
    <test started-at="2024-03-06T08:13:19Z" name="Run on Firefox" finished-at="2024-03-06T08:13:36Z" duration-ms="17614">
      <class name="com.nopcommerce.user.Level_21_Multiple_Environment_Parameter">
        <test-method is-config="true" signature="initBeforeSuite()[pri:0, instance:com.nopcommerce.user.Level_21_Multiple_Environment_Parameter@f339eae]" started-at="2024-03-06T08:13:18Z" name="initBeforeSuite" finished-at="2024-03-06T08:13:19Z" duration-ms="57" status="PASS">
          <reporter-output>
          </reporter-output>
        </test-method> <!-- initBeforeSuite -->
        <test-method is-config="true" signature="beforeClass(java.lang.String, java.lang.String)[pri:0, instance:com.nopcommerce.user.Level_21_Multiple_Environment_Parameter@f339eae]" started-at="2024-03-06T08:13:19Z" name="beforeClass" finished-at="2024-03-06T08:13:26Z" duration-ms="7787" status="PASS">
          <params>
            <param index="0">
              <value>
                <![CDATA[firefox]]>
              </value>
            </param>
            <param index="1">
              <value>
                <![CDATA[https://demo.nopcommerce.com/]]>
              </value>
            </param>
          </params>
          <reporter-output>
          </reporter-output>
        </test-method> <!-- beforeClass -->
        <test-method signature="User_01_Register()[pri:0, instance:com.nopcommerce.user.Level_21_Multiple_Environment_Parameter@f339eae]" started-at="2024-03-06T08:13:26Z" name="User_01_Register" finished-at="2024-03-06T08:13:32Z" duration-ms="5508" status="PASS">
          <reporter-output>
            <line>
              <![CDATA[[2024-03-06 15:13:26,936] - Register - Step 01: Navigate to 'Register' page
<br>]]>
            </line>
            <line>
              <![CDATA[[2024-03-06 15:13:28,296] - Register - Step 02: Select to Radio button
<br>]]>
            </line>
            <line>
              <![CDATA[[2024-03-06 15:13:28,790] - Register - Step 03: Enter to Firstname textbox with value is'Automation'
<br>]]>
            </line>
            <line>
              <![CDATA[[2024-03-06 15:13:29,099] - Register - Step 04: Enter to Lastname textbox with value is'FC'
<br>]]>
            </line>
            <line>
              <![CDATA[[2024-03-06 15:13:29,244] - Register - Step 05: Enter to Email textbox with value is'automationfc853@gmail.com'
<br>]]>
            </line>
            <line>
              <![CDATA[[2024-03-06 15:13:29,406] - Register - Step 06: Enter to Password textbox with value is'123456'
<br>]]>
            </line>
            <line>
              <![CDATA[[2024-03-06 15:13:29,558] - Register - Step 07: Enter to Confirm password textbox with value is'123456'
<br>]]>
            </line>
            <line>
              <![CDATA[[2024-03-06 15:13:29,677] - Register - Step 08: Enter to Company textbox with value is'AFC'
<br>]]>
            </line>
            <line>
              <![CDATA[[2024-03-06 15:13:29,810] - Register - Step 09: Select Birth day dropdown with value is'11'
<br>]]>
            </line>
            <line>
              <![CDATA[[2024-03-06 15:13:30,188] - Register - Step 10: Select Birth month dropdown with value is'May'
<br>]]>
            </line>
            <line>
              <![CDATA[[2024-03-06 15:13:30,523] - Register - Step 11: Select Birth year dropdown with value is'1996'
<br>]]>
            </line>
            <line>
              <![CDATA[[2024-03-06 15:13:30,885] - Register - Step 12: Select checkbox by ID
<br>]]>
            </line>
            <line>
              <![CDATA[[2024-03-06 15:13:30,953] - Register - Step 13: Click 'Register' button
<br>]]>
            </line>
            <line>
              <![CDATA[[2024-03-06 15:13:31,764] - Register - Step 14: Verify register success message is displayed
<br>]]>
            </line>
            <line>
              <![CDATA[[2024-03-06 15:13:31,914] - Register - Step 15: Click 'Continue' button
<br>]]>
            </line>
          </reporter-output>
        </test-method> <!-- User_01_Register -->
        <test-method signature="User_02_Login()[pri:0, instance:com.nopcommerce.user.Level_21_Multiple_Environment_Parameter@f339eae]" started-at="2024-03-06T08:13:32Z" name="User_02_Login" finished-at="2024-03-06T08:13:34Z" duration-ms="1869" status="PASS">
          <reporter-output>
            <line>
              <![CDATA[[2024-03-06 15:13:32,473] - Login - Step 01: Navigate to 'Login' page
<br>]]>
            </line>
            <line>
              <![CDATA[[2024-03-06 15:13:32,991] - Login - Step 02: Enter to Email textbox with value is 'automationfc853@gmail.com'
<br>]]>
            </line>
            <line>
              <![CDATA[[2024-03-06 15:13:33,154] - Login - Step 03: Enter to Password textbox with value is '123456'
<br>]]>
            </line>
            <line>
              <![CDATA[[2024-03-06 15:13:33,275] - Login - Step 04: Click 'Log in' button
<br>]]>
            </line>
            <line>
              <![CDATA[[2024-03-06 15:13:34,083] - Login - Step 03: Verify 'My Account Link' is displayed
<br>]]>
            </line>
          </reporter-output>
        </test-method> <!-- User_02_Login -->
        <test-method signature="User_03_My_Account()[pri:0, instance:com.nopcommerce.user.Level_21_Multiple_Environment_Parameter@f339eae]" started-at="2024-03-06T08:13:34Z" name="User_03_My_Account" finished-at="2024-03-06T08:13:35Z" duration-ms="911" status="PASS">
          <reporter-output>
            <line>
              <![CDATA[[2024-03-06 15:13:34,343] - My Account - Step 01: Navigate to 'Customer Infor' page
<br>]]>
            </line>
            <line>
              <![CDATA[[2024-03-06 15:13:34,844] - My Account - Step 02: Verify 'Customer Info' page is displayed
<br>]]>
            </line>
            <line>
              <![CDATA[[2024-03-06 15:13:35,008] - My Account - Step 03: Verify 'First name' textbox is correct
<br>]]>
            </line>
            <line>
              <![CDATA[[2024-03-06 15:13:35,095] - My Account - Step 04: Verify 'Last name' textbox is correct
<br>]]>
            </line>
            <line>
              <![CDATA[[2024-03-06 15:13:35,174] - My Account - Step 05: Verify 'Email' textbox is correct
<br>]]>
            </line>
          </reporter-output>
        </test-method> <!-- User_03_My_Account -->
        <test-method is-config="true" signature="afterClass()[pri:0, instance:com.nopcommerce.user.Level_21_Multiple_Environment_Parameter@f339eae]" started-at="2024-03-06T08:13:35Z" name="afterClass" finished-at="2024-03-06T08:13:36Z" duration-ms="1376" status="PASS">
          <reporter-output>
            <line>
              <![CDATA[[2024-03-06 15:13:35,256] - OS name = windows 10
<br>]]>
            </line>
            <line>
              <![CDATA[[2024-03-06 15:13:35,257] - Driver instance name = firefoxdriver: firefox on windows (64b08d12-99c5-444b-9024-d32b8c2d9bb6)
<br>]]>
            </line>
          </reporter-output>
        </test-method> <!-- afterClass -->
      </class> <!-- com.nopcommerce.user.Level_21_Multiple_Environment_Parameter -->
    </test> <!-- Run on Firefox -->
  </suite> <!-- NopCommerce -->
</testng-results>
