<?xml version="1.0" encoding="UTF-8"?>
<testng-results ignored="0" total="3" passed="3" failed="0" skipped="0">
  <reporter-output>
    <line>
      <![CDATA[[2024-02-29 15:08:45,119] - Register - Step 01: Navigate to 'Register' page
<br>]]>
    </line>
    <line>
      <![CDATA[[2024-02-29 15:08:46,347] - Register - Step 02: Select to Radio button
<br>]]>
    </line>
    <line>
      <![CDATA[[2024-02-29 15:08:46,830] - Register - Step 03: Enter to Firstname textbox with value is'Automation'
<br>]]>
    </line>
    <line>
      <![CDATA[[2024-02-29 15:08:47,116] - Register - Step 04: Enter to Lastname textbox with value is'FC'
<br>]]>
    </line>
    <line>
      <![CDATA[[2024-02-29 15:08:47,259] - Register - Step 05: Enter to Email textbox with value is'automationfc3489@gmail.com'
<br>]]>
    </line>
    <line>
      <![CDATA[[2024-02-29 15:08:47,436] - Register - Step 06: Enter to Password textbox with value is'123456'
<br>]]>
    </line>
    <line>
      <![CDATA[[2024-02-29 15:08:47,578] - Register - Step 07: Enter to Confirm password textbox with value is'123456'
<br>]]>
    </line>
    <line>
      <![CDATA[[2024-02-29 15:08:47,677] - Register - Step 08: Enter to Company textbox with value is'AFC'
<br>]]>
    </line>
    <line>
      <![CDATA[[2024-02-29 15:08:47,801] - Register - Step 09: Select Birth day dropdown with value is'11'
<br>]]>
    </line>
    <line>
      <![CDATA[[2024-02-29 15:08:48,215] - Register - Step 10: Select Birth month dropdown with value is'May'
<br>]]>
    </line>
    <line>
      <![CDATA[[2024-02-29 15:08:48,564] - Register - Step 11: Select Birth year dropdown with value is'1996'
<br>]]>
    </line>
    <line>
      <![CDATA[[2024-02-29 15:08:48,939] - Register - Step 12: Select checkbox by ID
<br>]]>
    </line>
    <line>
      <![CDATA[[2024-02-29 15:08:49,011] - Register - Step 13: Click 'Register' button
<br>]]>
    </line>
    <line>
      <![CDATA[[2024-02-29 15:08:49,858] - Register - Step 14: Verify register success message is displayed
<br>]]>
    </line>
    <line>
      <![CDATA[[2024-02-29 15:08:50,055] - Register - Step 15: Click 'Continue' button
<br>]]>
    </line>
    <line>
      <![CDATA[[2024-02-29 15:08:50,683] - Login - Step 01: Navigate to 'Login' page
<br>]]>
    </line>
    <line>
      <![CDATA[[2024-02-29 15:08:51,210] - Login - Step 02: Enter to Email textbox with value is 'automationfc3489@gmail.com'
<br>]]>
    </line>
    <line>
      <![CDATA[[2024-02-29 15:08:51,357] - Login - Step 03: Enter to Password textbox with value is '123456'
<br>]]>
    </line>
    <line>
      <![CDATA[[2024-02-29 15:08:51,468] - Login - Step 04: Click 'Log in' button
<br>]]>
    </line>
    <line>
      <![CDATA[[2024-02-29 15:08:52,196] - Login - Step 03: Verify 'My Account Link' is displayed
<br>]]>
    </line>
    <line>
      <![CDATA[[2024-02-29 15:08:52,465] - My Account - Step 01: Navigate to 'Customer Infor' page
<br>]]>
    </line>
    <line>
      <![CDATA[[2024-02-29 15:08:52,912] - My Account - Step 02: Verify 'Customer Info' page is displayed
<br>]]>
    </line>
    <line>
      <![CDATA[[2024-02-29 15:08:53,096] - My Account - Step 03: Verify 'First name' textbox is correct
<br>]]>
    </line>
    <line>
      <![CDATA[[2024-02-29 15:08:53,155] - My Account - Step 04: Verify 'Last name' textbox is correct
<br>]]>
    </line>
    <line>
      <![CDATA[[2024-02-29 15:08:53,219] - My Account - Step 05: Verify 'Email' textbox is correct
<br>]]>
    </line>
    <line>
      <![CDATA[[2024-02-29 15:08:53,287] - OS name = windows 10
<br>]]>
    </line>
    <line>
      <![CDATA[[2024-02-29 15:08:53,288] - Driver instance name = firefoxdriver: firefox on windows (84eeba1d-90cf-48c6-b10e-3958d00f97c3)
<br>]]>
    </line>
  </reporter-output>
  <suite started-at="2024-02-29T08:08:36Z" name="NopCommerce" finished-at="2024-02-29T08:08:54Z" duration-ms="18374">
    <groups>
    </groups>
    <test started-at="2024-02-29T08:08:36Z" name="Run on Firefox" finished-at="2024-02-29T08:08:54Z" duration-ms="18374">
      <class name="com.nopcommerce.user.Level_20_Manage_Data_IV">
        <test-method is-config="true" signature="initBeforeSuite()[pri:0, instance:com.nopcommerce.user.Level_20_Manage_Data_IV@29eda4f8]" started-at="2024-02-29T08:08:36Z" name="initBeforeSuite" finished-at="2024-02-29T08:08:36Z" duration-ms="73" status="PASS">
          <reporter-output>
          </reporter-output>
        </test-method> <!-- initBeforeSuite -->
        <test-method is-config="true" signature="beforeClass(java.lang.String)[pri:0, instance:com.nopcommerce.user.Level_20_Manage_Data_IV@29eda4f8]" started-at="2024-02-29T08:08:36Z" name="beforeClass" finished-at="2024-02-29T08:08:44Z" duration-ms="8002" status="PASS">
          <params>
            <param index="0">
              <value>
                <![CDATA[firefox]]>
              </value>
            </param>
          </params>
          <reporter-output>
          </reporter-output>
        </test-method> <!-- beforeClass -->
        <test-method signature="User_01_Register(java.lang.reflect.Method)[pri:0, instance:com.nopcommerce.user.Level_20_Manage_Data_IV@29eda4f8]" started-at="2024-02-29T08:08:44Z" name="User_01_Register" finished-at="2024-02-29T08:08:50Z" duration-ms="6312" status="PASS">
          <params>
            <param index="0">
              <value>
                <![CDATA[public void com.nopcommerce.user.Level_20_Manage_Data_IV.User_01_Register(java.lang.reflect.Method)]]>
              </value>
            </param>
          </params>
          <reporter-output>
            <line>
              <![CDATA[[2024-02-29 15:08:45,119] - Register - Step 01: Navigate to 'Register' page
<br>]]>
            </line>
            <line>
              <![CDATA[[2024-02-29 15:08:46,347] - Register - Step 02: Select to Radio button
<br>]]>
            </line>
            <line>
              <![CDATA[[2024-02-29 15:08:46,830] - Register - Step 03: Enter to Firstname textbox with value is'Automation'
<br>]]>
            </line>
            <line>
              <![CDATA[[2024-02-29 15:08:47,116] - Register - Step 04: Enter to Lastname textbox with value is'FC'
<br>]]>
            </line>
            <line>
              <![CDATA[[2024-02-29 15:08:47,259] - Register - Step 05: Enter to Email textbox with value is'automationfc3489@gmail.com'
<br>]]>
            </line>
            <line>
              <![CDATA[[2024-02-29 15:08:47,436] - Register - Step 06: Enter to Password textbox with value is'123456'
<br>]]>
            </line>
            <line>
              <![CDATA[[2024-02-29 15:08:47,578] - Register - Step 07: Enter to Confirm password textbox with value is'123456'
<br>]]>
            </line>
            <line>
              <![CDATA[[2024-02-29 15:08:47,677] - Register - Step 08: Enter to Company textbox with value is'AFC'
<br>]]>
            </line>
            <line>
              <![CDATA[[2024-02-29 15:08:47,801] - Register - Step 09: Select Birth day dropdown with value is'11'
<br>]]>
            </line>
            <line>
              <![CDATA[[2024-02-29 15:08:48,215] - Register - Step 10: Select Birth month dropdown with value is'May'
<br>]]>
            </line>
            <line>
              <![CDATA[[2024-02-29 15:08:48,564] - Register - Step 11: Select Birth year dropdown with value is'1996'
<br>]]>
            </line>
            <line>
              <![CDATA[[2024-02-29 15:08:48,939] - Register - Step 12: Select checkbox by ID
<br>]]>
            </line>
            <line>
              <![CDATA[[2024-02-29 15:08:49,011] - Register - Step 13: Click 'Register' button
<br>]]>
            </line>
            <line>
              <![CDATA[[2024-02-29 15:08:49,858] - Register - Step 14: Verify register success message is displayed
<br>]]>
            </line>
            <line>
              <![CDATA[[2024-02-29 15:08:50,055] - Register - Step 15: Click 'Continue' button
<br>]]>
            </line>
          </reporter-output>
        </test-method> <!-- User_01_Register -->
        <test-method signature="User_02_Login()[pri:0, instance:com.nopcommerce.user.Level_20_Manage_Data_IV@29eda4f8]" started-at="2024-02-29T08:08:50Z" name="User_02_Login" finished-at="2024-02-29T08:08:52Z" duration-ms="1787" status="PASS">
          <reporter-output>
            <line>
              <![CDATA[[2024-02-29 15:08:50,683] - Login - Step 01: Navigate to 'Login' page
<br>]]>
            </line>
            <line>
              <![CDATA[[2024-02-29 15:08:51,210] - Login - Step 02: Enter to Email textbox with value is 'automationfc3489@gmail.com'
<br>]]>
            </line>
            <line>
              <![CDATA[[2024-02-29 15:08:51,357] - Login - Step 03: Enter to Password textbox with value is '123456'
<br>]]>
            </line>
            <line>
              <![CDATA[[2024-02-29 15:08:51,468] - Login - Step 04: Click 'Log in' button
<br>]]>
            </line>
            <line>
              <![CDATA[[2024-02-29 15:08:52,196] - Login - Step 03: Verify 'My Account Link' is displayed
<br>]]>
            </line>
          </reporter-output>
        </test-method> <!-- User_02_Login -->
        <test-method signature="User_03_My_Account()[pri:0, instance:com.nopcommerce.user.Level_20_Manage_Data_IV@29eda4f8]" started-at="2024-02-29T08:08:52Z" name="User_03_My_Account" finished-at="2024-02-29T08:08:53Z" duration-ms="819" status="PASS">
          <reporter-output>
            <line>
              <![CDATA[[2024-02-29 15:08:52,465] - My Account - Step 01: Navigate to 'Customer Infor' page
<br>]]>
            </line>
            <line>
              <![CDATA[[2024-02-29 15:08:52,912] - My Account - Step 02: Verify 'Customer Info' page is displayed
<br>]]>
            </line>
            <line>
              <![CDATA[[2024-02-29 15:08:53,096] - My Account - Step 03: Verify 'First name' textbox is correct
<br>]]>
            </line>
            <line>
              <![CDATA[[2024-02-29 15:08:53,155] - My Account - Step 04: Verify 'Last name' textbox is correct
<br>]]>
            </line>
            <line>
              <![CDATA[[2024-02-29 15:08:53,219] - My Account - Step 05: Verify 'Email' textbox is correct
<br>]]>
            </line>
          </reporter-output>
        </test-method> <!-- User_03_My_Account -->
        <test-method is-config="true" signature="afterClass()[pri:0, instance:com.nopcommerce.user.Level_20_Manage_Data_IV@29eda4f8]" started-at="2024-02-29T08:08:53Z" name="afterClass" finished-at="2024-02-29T08:08:54Z" duration-ms="1249" status="PASS">
          <reporter-output>
            <line>
              <![CDATA[[2024-02-29 15:08:53,287] - OS name = windows 10
<br>]]>
            </line>
            <line>
              <![CDATA[[2024-02-29 15:08:53,288] - Driver instance name = firefoxdriver: firefox on windows (84eeba1d-90cf-48c6-b10e-3958d00f97c3)
<br>]]>
            </line>
          </reporter-output>
        </test-method> <!-- afterClass -->
      </class> <!-- com.nopcommerce.user.Level_20_Manage_Data_IV -->
    </test> <!-- Run on Firefox -->
  </suite> <!-- NopCommerce -->
</testng-results>
