<?xml version="1.0" encoding="UTF-8"?>
<!-- Generated by org.testng.reporters.JUnitXMLReporter -->
<testsuite ignored="0" hostname="DESKTOP-QLAFB8M" failures="0" tests="3" name="Run on Firefox" time="18.374" errors="0" timestamp="29 Feb 2024 08:08:54 GMT">
  <testcase classname="com.nopcommerce.user.Level_20_Manage_Data_IV" name="User_01_Register" time="6.312"/>
  <testcase classname="com.nopcommerce.user.Level_20_Manage_Data_IV" name="User_02_Login" time="1.787"/>
  <testcase classname="com.nopcommerce.user.Level_20_Manage_Data_IV" name="User_03_My_Account" time="0.819"/>
</testsuite> <!-- Run on Firefox -->
