<?xml version="1.0" encoding="UTF-8"?>
<!-- Generated by org.testng.reporters.JUnitXMLReporter -->
<testsuite ignored="0" hostname="DESKTOP-QLAFB8M" failures="0" tests="3" name="Run on Firefox" time="20.923" errors="0" timestamp="07 Mar 2024 01:53:52 GMT">
  <testcase classname="com.nopcommerce.user.Level_20_Manage_Data_IV" name="User_01_Register" time="6.659"/>
  <testcase classname="com.nopcommerce.user.Level_20_Manage_Data_IV" name="User_02_Login" time="2.0"/>
  <testcase classname="com.nopcommerce.user.Level_20_Manage_Data_IV" name="User_03_My_Account" time="0.9"/>
</testsuite> <!-- Run on Firefox -->
