<?xml version="1.0" encoding="UTF-8"?>
<testng-results ignored="0" total="3" passed="3" failed="0" skipped="0">
  <reporter-output>
    <line>
      <![CDATA[[2024-02-26 15:54:11,883] - Register - Step 01: Navigate to 'Register' page
<br>]]>
    </line>
    <line>
      <![CDATA[[2024-02-26 15:54:13,137] - Register - Step 02: Select to Radio button
<br>]]>
    </line>
    <line>
      <![CDATA[[2024-02-26 15:54:13,562] - Register - Step 03: Enter to Firstname textbox with value is'Automation'
<br>]]>
    </line>
    <line>
      <![CDATA[[2024-02-26 15:54:13,770] - Register - Step 04: Enter to Lastname textbox with value is'FC'
<br>]]>
    </line>
    <line>
      <![CDATA[[2024-02-26 15:54:13,875] - Register - Step 05: Enter to Email textbox with value is'automationfc2959@gmail.com'
<br>]]>
    </line>
    <line>
      <![CDATA[[2024-02-26 15:54:14,023] - Register - Step 06: Enter to Password textbox with value is'123456'
<br>]]>
    </line>
    <line>
      <![CDATA[[2024-02-26 15:54:14,161] - Register - Step 07: Enter to Confirm password textbox with value is'123456'
<br>]]>
    </line>
    <line>
      <![CDATA[[2024-02-26 15:54:14,301] - Register - Step 08: Enter to Company textbox with value is'AFC'
<br>]]>
    </line>
    <line>
      <![CDATA[[2024-02-26 15:54:14,401] - Register - Step 09: Select Birth day dropdown with value is'11'
<br>]]>
    </line>
    <line>
      <![CDATA[[2024-02-26 15:54:14,804] - Register - Step 10: Select Birth month dropdown with value is'May'
<br>]]>
    </line>
    <line>
      <![CDATA[[2024-02-26 15:54:15,161] - Register - Step 11: Select Birth year dropdown with value is'1996'
<br>]]>
    </line>
    <line>
      <![CDATA[[2024-02-26 15:54:15,491] - Register - Step 12: Select checkbox by ID
<br>]]>
    </line>
    <line>
      <![CDATA[[2024-02-26 15:54:15,561] - Register - Step 13: Click 'Register' button
<br>]]>
    </line>
    <line>
      <![CDATA[[2024-02-26 15:54:16,358] - Register - Step 14: Verify register success message is displayed
<br>]]>
    </line>
    <line>
      <![CDATA[[2024-02-26 15:54:16,509] - Register - Step 15: Click 'Continue' button
<br>]]>
    </line>
    <line>
      <![CDATA[[2024-02-26 15:54:17,197] - Login - Step 01: Navigate to 'Login' page
<br>]]>
    </line>
    <line>
      <![CDATA[[2024-02-26 15:54:17,788] - Login - Step 02: Enter to Email textbox with value is 'automationfc2959@gmail.com'
<br>]]>
    </line>
    <line>
      <![CDATA[[2024-02-26 15:54:17,987] - Login - Step 03: Enter to Password textbox with value is '123456'
<br>]]>
    </line>
    <line>
      <![CDATA[[2024-02-26 15:54:18,131] - Login - Step 04: Click 'Log in' button
<br>]]>
    </line>
    <line>
      <![CDATA[[2024-02-26 15:54:18,986] - Login - Step 03: Verify 'My Account Link' is displayed
<br>]]>
    </line>
    <line>
      <![CDATA[[2024-02-26 15:54:19,204] - My Account - Step 01: Navigate to 'Customer Infor' page
<br>]]>
    </line>
    <line>
      <![CDATA[[2024-02-26 15:54:19,678] - My Account - Step 02: Verify 'Customer Info' page is displayed
<br>]]>
    </line>
    <line>
      <![CDATA[[2024-02-26 15:54:19,859] - My Account - Step 03: Verify 'First name' textbox is correct
<br>]]>
    </line>
    <line>
      <![CDATA[[2024-02-26 15:54:19,932] - My Account - Step 04: Verify 'Last name' textbox is correct
<br>]]>
    </line>
    <line>
      <![CDATA[[2024-02-26 15:54:20,013] - My Account - Step 05: Verify 'Email' textbox is correct
<br>]]>
    </line>
    <line>
      <![CDATA[[2024-02-26 15:54:20,095] - OS name = windows 10
<br>]]>
    </line>
    <line>
      <![CDATA[[2024-02-26 15:54:20,096] - Driver instance name = firefoxdriver: firefox on windows (98b0a772-67fc-4181-b6fc-b963df0f81bd)
<br>]]>
    </line>
  </reporter-output>
  <suite started-at="2024-02-26T08:54:02Z" name="NopCommerce" finished-at="2024-02-26T08:54:21Z" duration-ms="19332">
    <groups>
    </groups>
    <test started-at="2024-02-26T08:54:02Z" name="Run on Firefox" finished-at="2024-02-26T08:54:21Z" duration-ms="19332">
      <class name="com.nopcommerce.user.Level_20_Manage_Data_IV">
        <test-method is-config="true" signature="initBeforeSuite()[pri:0, instance:com.nopcommerce.user.Level_20_Manage_Data_IV@35d5ac51]" started-at="2024-02-26T08:54:01Z" name="initBeforeSuite" finished-at="2024-02-26T08:54:02Z" duration-ms="87" status="PASS">
          <reporter-output>
          </reporter-output>
        </test-method> <!-- initBeforeSuite -->
        <test-method is-config="true" signature="beforeClass(java.lang.String)[pri:0, instance:com.nopcommerce.user.Level_20_Manage_Data_IV@35d5ac51]" started-at="2024-02-26T08:54:02Z" name="beforeClass" finished-at="2024-02-26T08:54:10Z" duration-ms="8800" status="PASS">
          <params>
            <param index="0">
              <value>
                <![CDATA[firefox]]>
              </value>
            </param>
          </params>
          <reporter-output>
          </reporter-output>
        </test-method> <!-- beforeClass -->
        <test-method signature="User_01_Register(java.lang.reflect.Method)[pri:0, instance:com.nopcommerce.user.Level_20_Manage_Data_IV@35d5ac51]" started-at="2024-02-26T08:54:10Z" name="User_01_Register" finished-at="2024-02-26T08:54:16Z" duration-ms="6019" status="PASS">
          <params>
            <param index="0">
              <value>
                <![CDATA[public void com.nopcommerce.user.Level_20_Manage_Data_IV.User_01_Register(java.lang.reflect.Method)]]>
              </value>
            </param>
          </params>
          <reporter-output>
            <line>
              <![CDATA[[2024-02-26 15:54:11,883] - Register - Step 01: Navigate to 'Register' page
<br>]]>
            </line>
            <line>
              <![CDATA[[2024-02-26 15:54:13,137] - Register - Step 02: Select to Radio button
<br>]]>
            </line>
            <line>
              <![CDATA[[2024-02-26 15:54:13,562] - Register - Step 03: Enter to Firstname textbox with value is'Automation'
<br>]]>
            </line>
            <line>
              <![CDATA[[2024-02-26 15:54:13,770] - Register - Step 04: Enter to Lastname textbox with value is'FC'
<br>]]>
            </line>
            <line>
              <![CDATA[[2024-02-26 15:54:13,875] - Register - Step 05: Enter to Email textbox with value is'automationfc2959@gmail.com'
<br>]]>
            </line>
            <line>
              <![CDATA[[2024-02-26 15:54:14,023] - Register - Step 06: Enter to Password textbox with value is'123456'
<br>]]>
            </line>
            <line>
              <![CDATA[[2024-02-26 15:54:14,161] - Register - Step 07: Enter to Confirm password textbox with value is'123456'
<br>]]>
            </line>
            <line>
              <![CDATA[[2024-02-26 15:54:14,301] - Register - Step 08: Enter to Company textbox with value is'AFC'
<br>]]>
            </line>
            <line>
              <![CDATA[[2024-02-26 15:54:14,401] - Register - Step 09: Select Birth day dropdown with value is'11'
<br>]]>
            </line>
            <line>
              <![CDATA[[2024-02-26 15:54:14,804] - Register - Step 10: Select Birth month dropdown with value is'May'
<br>]]>
            </line>
            <line>
              <![CDATA[[2024-02-26 15:54:15,161] - Register - Step 11: Select Birth year dropdown with value is'1996'
<br>]]>
            </line>
            <line>
              <![CDATA[[2024-02-26 15:54:15,491] - Register - Step 12: Select checkbox by ID
<br>]]>
            </line>
            <line>
              <![CDATA[[2024-02-26 15:54:15,561] - Register - Step 13: Click 'Register' button
<br>]]>
            </line>
            <line>
              <![CDATA[[2024-02-26 15:54:16,358] - Register - Step 14: Verify register success message is displayed
<br>]]>
            </line>
            <line>
              <![CDATA[[2024-02-26 15:54:16,509] - Register - Step 15: Click 'Continue' button
<br>]]>
            </line>
          </reporter-output>
        </test-method> <!-- User_01_Register -->
        <test-method signature="User_02_Login()[pri:0, instance:com.nopcommerce.user.Level_20_Manage_Data_IV@35d5ac51]" started-at="2024-02-26T08:54:17Z" name="User_02_Login" finished-at="2024-02-26T08:54:19Z" duration-ms="2017" status="PASS">
          <reporter-output>
            <line>
              <![CDATA[[2024-02-26 15:54:17,197] - Login - Step 01: Navigate to 'Login' page
<br>]]>
            </line>
            <line>
              <![CDATA[[2024-02-26 15:54:17,788] - Login - Step 02: Enter to Email textbox with value is 'automationfc2959@gmail.com'
<br>]]>
            </line>
            <line>
              <![CDATA[[2024-02-26 15:54:17,987] - Login - Step 03: Enter to Password textbox with value is '123456'
<br>]]>
            </line>
            <line>
              <![CDATA[[2024-02-26 15:54:18,131] - Login - Step 04: Click 'Log in' button
<br>]]>
            </line>
            <line>
              <![CDATA[[2024-02-26 15:54:18,986] - Login - Step 03: Verify 'My Account Link' is displayed
<br>]]>
            </line>
          </reporter-output>
        </test-method> <!-- User_02_Login -->
        <test-method signature="User_03_My_Account()[pri:0, instance:com.nopcommerce.user.Level_20_Manage_Data_IV@35d5ac51]" started-at="2024-02-26T08:54:19Z" name="User_03_My_Account" finished-at="2024-02-26T08:54:20Z" duration-ms="888" status="PASS">
          <reporter-output>
            <line>
              <![CDATA[[2024-02-26 15:54:19,204] - My Account - Step 01: Navigate to 'Customer Infor' page
<br>]]>
            </line>
            <line>
              <![CDATA[[2024-02-26 15:54:19,678] - My Account - Step 02: Verify 'Customer Info' page is displayed
<br>]]>
            </line>
            <line>
              <![CDATA[[2024-02-26 15:54:19,859] - My Account - Step 03: Verify 'First name' textbox is correct
<br>]]>
            </line>
            <line>
              <![CDATA[[2024-02-26 15:54:19,932] - My Account - Step 04: Verify 'Last name' textbox is correct
<br>]]>
            </line>
            <line>
              <![CDATA[[2024-02-26 15:54:20,013] - My Account - Step 05: Verify 'Email' textbox is correct
<br>]]>
            </line>
          </reporter-output>
        </test-method> <!-- User_03_My_Account -->
        <test-method is-config="true" signature="afterClass()[pri:0, instance:com.nopcommerce.user.Level_20_Manage_Data_IV@35d5ac51]" started-at="2024-02-26T08:54:20Z" name="afterClass" finished-at="2024-02-26T08:54:21Z" duration-ms="1308" status="PASS">
          <reporter-output>
            <line>
              <![CDATA[[2024-02-26 15:54:20,095] - OS name = windows 10
<br>]]>
            </line>
            <line>
              <![CDATA[[2024-02-26 15:54:20,096] - Driver instance name = firefoxdriver: firefox on windows (98b0a772-67fc-4181-b6fc-b963df0f81bd)
<br>]]>
            </line>
          </reporter-output>
        </test-method> <!-- afterClass -->
      </class> <!-- com.nopcommerce.user.Level_20_Manage_Data_IV -->
    </test> <!-- Run on Firefox -->
  </suite> <!-- NopCommerce -->
</testng-results>
