<?xml version="1.0" encoding="UTF-8"?>
<testsuite name="Run on Firefox"
           tests="3"
           failures="0"
           errors="0"
           skipped="0"
           time="8.918">
  <properties />
  
  
            <testcase name="User_01_Register" time="6.312" classname="com.nopcommerce.user.Level_20_Manage_Data_IV" />
                <testcase name="User_03_My_Account" time="0.819" classname="com.nopcommerce.user.Level_20_Manage_Data_IV" />
                <testcase name="User_02_Login" time="1.787" classname="com.nopcommerce.user.Level_20_Manage_Data_IV" />
      
</testsuite>
